[    1386ms] [WARNING] Script already exists: https://securepubads.g.doubleclick.net/tag/js/gpt.js @ https://adncdn.net/lxdWvuxtAC:124
[    2746ms] [ERROR] Access to fetch at 'https://api.rlcdn.com/api/identity/envelope?pid=13346' from origin 'https://www.pngwing.com' has been blocked by CORS policy: No 'Access-Control-Allow-Origin' header is present on the requested resource. @ https://www.pngwing.com/en/free-png-admhj:0
[    2746ms] [ERROR] Failed to load resource: net::ERR_FAILED @ https://api.rlcdn.com/api/identity/envelope?pid=13346:0
[    2961ms] [WARNING] [GPT] Using deprecated googletag.encryptedSignalProviders. Please use googletag.secureSignalProviders instead.
https://goo.gle/gpt-message#155 @ https://securepubads.g.doubleclick.net/pagead/managed/js/gpt/m202603170101/pubads_impl.js:18
[    2964ms] [WARNING] Google Deploy of the SharedId library has been deprecated. Please select another option in the GAM UI. If you use Prebid, we suggest the Prebid.js UserId option. If you do not, you may configure GAM to allow Google to share a first party user identifier with OB and AB participants, which is either the publisherProvidedId or the __gads value when that is missing. @ https://cdn.jsdelivr.net/gh/prebid/shared-id/pubcid.js/docs/pubcid.min.js:0
[    3009ms] [WARNING] [GPT] Using deprecated googletag.encryptedSignalProviders. Please use googletag.secureSignalProviders instead.
https://goo.gle/gpt-message#155 @ https://securepubads.g.doubleclick.net/pagead/managed/js/gpt/m202603170101/pubads_impl.js:18
[    3207ms] [WARNING] [GPT] Using deprecated googletag.encryptedSignalProviders. Please use googletag.secureSignalProviders instead.
https://goo.gle/gpt-message#155 @ https://securepubads.g.doubleclick.net/pagead/managed/js/gpt/m202603170101/pubads_impl.js:18
[    3273ms] [WARNING] An iframe which has both allow-scripts and allow-same-origin for its sandbox attribute can escape its sandboxing. @ https://cadmus.script.ac/d3svkhbhkz2i0f/script.js:0
[    4334ms] [WARNING] An iframe which has both allow-scripts and allow-same-origin for its sandbox attribute can escape its sandboxing. @ https://cadmus.script.ac/d3svkhbhkz2i0f/script.js:0
[    4747ms] [ERROR] Failed to load resource: the server responded with a status of 424 (Failed Dependency) @ https://t.adx.opera.com/pub/sync?pubid=pub10101531197440&gdpr=1&gdpr_consent=:0
[    4785ms] [WARNING] An iframe which has both allow-scripts and allow-same-origin for its sandbox attribute can escape its sandboxing. @ https://cadmus.script.ac/d3svkhbhkz2i0f/script.js:0
[    5601ms] [ERROR] Attestation check for Shared Storage on https://www.googleadservices.com failed. @ https://www.googleadservices.com/pagead/managed/js/activeview/current/reach_worklet.html:0
[    5609ms] [ERROR] Attestation check for Shared Storage on https://www.googleadservices.com failed. @ https://www.googleadservices.com/pagead/managed/js/activeview/current/reach_worklet.html:0
[    5619ms] [ERROR] Attestation check for Shared Storage on https://www.googleadservices.com failed. @ https://www.googleadservices.com/pagead/managed/js/activeview/current/reach_worklet.html:0
[    6896ms] [WARNING] An iframe which has both allow-scripts and allow-same-origin for its sandbox attribute can escape its sandboxing. @ https://cadmus.script.ac/d3svkhbhkz2i0f/script.js:0
[    6933ms] [ERROR] Access to XMLHttpRequest at 'https://eus.rubiconproject.com/usync.html' from origin 'https://www.pngwing.com' has been blocked by CORS policy: No 'Access-Control-Allow-Origin' header is present on the requested resource. @ https://www.pngwing.com/en/free-png-admhj:0
[    6933ms] [ERROR] Failed to load resource: net::ERR_FAILED @ https://eus.rubiconproject.com/usync.html:0
[    4747ms] [ERROR] Failed to load resource: the server responded with a status of 424 (Failed Dependency) @ https://t.adx.opera.com/pub/sync?pubid=pub10101531197440&gdpr=1&gdpr_consent=:0
[    4747ms] [ERROR] Failed to load resource: the server responded with a status of 424 (Failed Dependency) @ https://t.adx.opera.com/pub/sync?pubid=pub10101531197440&gdpr=1&gdpr_consent=:0
[    7222ms] [ERROR] Failed to load resource: net::ERR_CONNECTION_REFUSED @ https://cs.nex8.net/cs/openx:0
[    7255ms] [ERROR] Failed to load resource: net::ERR_NAME_NOT_RESOLVED @ https://dps.jp.cinarra.com/pxd?PLATFORM_ID=1&USER_ID=4ee41110-37dd-8c10-f14f-0db032735b44:0
[    7451ms] [ERROR] Failed to load resource: the server responded with a status of 424 (Failed Dependency) @ https://t.adx.opera.com/pub/sync?pubid=pub10101531197440&gdpr=1&gdpr_consent=:0
[    7899ms] [ERROR] Failed to load resource: the server responded with a status of 422 () @ https://match.sharethrough.com/FGMrCMMc/v1?redirectUri=https%3A%2F%2Fsync.sparteo.com%2Fsetuid%3Fpslabel%3Dnull%26bidder%3Dsharethrough%26gdpr%3D0%26gdpr_consent%3Dnull%26us_privacy%3D%26gpp%3D%26gpp_sid%3D%26f%3Di%26uid%3D%24UID&gdpr=0&gdpr_consent=null&us_privacy=:0
[    4747ms] [ERROR] Failed to load resource: the server responded with a status of 424 (Failed Dependency) @ https://t.adx.opera.com/pub/sync?pubid=pub10101531197440&gdpr=1&gdpr_consent=:0
[    7451ms] [ERROR] Failed to load resource: the server responded with a status of 424 (Failed Dependency) @ https://t.adx.opera.com/pub/sync?pubid=pub10101531197440&gdpr=1&gdpr_consent=:0
[    7222ms] [ERROR] Failed to load resource: net::ERR_CONNECTION_REFUSED @ https://cs.nex8.net/cs/openx:0
[    7255ms] [ERROR] Failed to load resource: net::ERR_NAME_NOT_RESOLVED @ https://dps.jp.cinarra.com/pxd?PLATFORM_ID=1&USER_ID=4ee41110-37dd-8c10-f14f-0db032735b44:0
[    8088ms] [ERROR] Failed to load resource: net::ERR_NAME_NOT_RESOLVED @ https://match.rundsp.com/redirect?ex=openx&gdpr=0&gdpr_consent=null:0
[    9486ms] [ERROR] Failed to load resource: the server responded with a status of 400 (Bad Request) @ https://cpm.vistarsagency.com/user-sync?zone=297502&t=image&r=https%3A%2F%2Fprebid.admatic.de%2Fsetuid%3Fbidder%3Dvistar%26gdpr%3D%26gdpr_consent%3D%26f%3Di%26uid%3D%7BUID%7D:0
[    4747ms] [ERROR] Failed to load resource: the server responded with a status of 424 (Failed Dependency) @ https://t.adx.opera.com/pub/sync?pubid=pub10101531197440&gdpr=1&gdpr_consent=:0
[    7451ms] [ERROR] Failed to load resource: the server responded with a status of 424 (Failed Dependency) @ https://t.adx.opera.com/pub/sync?pubid=pub10101531197440&gdpr=1&gdpr_consent=:0
[    9486ms] [ERROR] Failed to load resource: the server responded with a status of 400 (Bad Request) @ https://cpm.vistarsagency.com/user-sync?zone=297502&t=image&r=https%3A%2F%2Fprebid.admatic.de%2Fsetuid%3Fbidder%3Dvistar%26gdpr%3D%26gdpr_consent%3D%26f%3Di%26uid%3D%7BUID%7D:0
[    4747ms] [ERROR] Failed to load resource: the server responded with a status of 424 (Failed Dependency) @ https://t.adx.opera.com/pub/sync?pubid=pub10101531197440&gdpr=1&gdpr_consent=:0
[    7451ms] [ERROR] Failed to load resource: the server responded with a status of 424 (Failed Dependency) @ https://t.adx.opera.com/pub/sync?pubid=pub10101531197440&gdpr=1&gdpr_consent=:0
[    4747ms] [ERROR] Failed to load resource: the server responded with a status of 424 (Failed Dependency) @ https://t.adx.opera.com/pub/sync?pubid=pub10101531197440&gdpr=1&gdpr_consent=:0
[    7451ms] [ERROR] Failed to load resource: the server responded with a status of 424 (Failed Dependency) @ https://t.adx.opera.com/pub/sync?pubid=pub10101531197440&gdpr=1&gdpr_consent=:0
[   15009ms] [ERROR] Failed to load resource: net::ERR_CONNECTION_RESET @ https://sync.colossusssp.com/pbs.gif?gdpr=0&gdpr_consent=null&&redir=https%3A%2F%2Fsync.adkernel.com%2Fuser-sync%3Fzone%3D308936%26dsp%3D1061476%26t%3Dimage%26uid%3D%5BUID%5D:0
[   16083ms] [ERROR] Failed to load resource: net::ERR_NAME_NOT_RESOLVED @ https://visitor-gen01.omnitagjs.com/visitor/bsync?uid=1734c591f833934e7440c7bc3457e7b4&name=gen01&gdpr=0d&gdpr_consent=null&url=https%3A%2F%2Fcs.admanmedia.com%2F9fac3810ed48832976220228d6624bf0.gif%3Fpuid%3D980362fe-4026-441f-b29c-e61019d14273%26redir%3D%5BRED%5D%26gdpr%3D0d%26gdpr_consent%3Dnull%26ccpa%3D[CCPA]%26coppa%3D[COPPA]%0A:0
[   18698ms] [ERROR] Failed to load resource: net::ERR_HTTP2_SERVER_REFUSED_STREAM @ https://cs.admanmedia.com/2e2cd80ed2c36fa49cf9580703081ade.gif?puid=76f46b74-8dd2-4e00-b1c8-6324dc2c3b02&redir=https%3A%2F%2Fms-cookie-sync.presage.io%2Fuser-sync%3Fillumin_id%3D%5BUID%5D%26gdpr%3D0%26gdpr_consent%3D&gdpr=0&gdpr_consent=:0
[   18699ms] [ERROR] Failed to load resource: net::ERR_HTTP2_SERVER_REFUSED_STREAM @ https://cs.admanmedia.com/73c1e1bfc3bde354d60b80e601ae3914.gif?puid=[UID]&redir=https%3A%2F%2Fonetag-sys.com%2Fmatch%2F%3Fint_id%3D164%26gdpr%3D0%26gdpr_consent%3D%26uid%3D%5BUID%5D&gdpr=0&gdpr_consent=&ccpa=&coppa=:0
[   18699ms] [ERROR] Failed to load resource: net::ERR_HTTP2_SERVER_REFUSED_STREAM @ https://cs.admanmedia.com/e805be652c9053b8f771665f0ac3c361.gif?puid=k-_-fzxQ-JkLSicAcMrtUDhCur9OuOJxoTgiMADg&redir=https%3a%2f%2fssp-sync.criteo.com%2fuser-sync%2fmatch%3fp%3doI9ix19WMngyRkxSYVhzaVI4WVpvSkp6TXY3NSUyRk4lMkZLR01iaDAwSUh3eVVKSnVkRSUzRA%26u%3d%5bUID%5d&gdpr=&gdpr_consent=&ccpa=:0
[   18703ms] [ERROR] Failed to load resource: net::ERR_HTTP2_SERVER_REFUSED_STREAM @ https://cs.admanmedia.com/73c1e1bfc3bde354d60b80e601ae3914.gif?puid=[UID]&redir=https%3A%2F%2Fonetag-sys.com%2Fmatch%2F%3Fint_id%3D164%26gdpr%3D1%26gdpr_consent%3D%26uid%3D%5BUID%5D&gdpr=1&gdpr_consent=&ccpa=&coppa=:0
[   36935ms] [WARNING] An iframe which has both allow-scripts and allow-same-origin for its sandbox attribute can escape its sandboxing. @ https://cadmus.script.ac/d3svkhbhkz2i0f/script.js:0
[   36984ms] [WARNING] An iframe which has both allow-scripts and allow-same-origin for its sandbox attribute can escape its sandboxing. @ https://cadmus.script.ac/d3svkhbhkz2i0f/script.js:0
